make all --print-data-base --no-builtin-variables --no-builtin-rules --question
make: *** No rule to make target 'all'.  Stop.

# GNU Make 4.3
# Built for x86_64-pc-linux-gnu
# Copyright (C) 1988-2020 Free Software Foundation, Inc.
# License GPLv3+: GNU GPL version 3 or later <http://gnu.org/licenses/gpl.html>
# This is free software: you are free to change and redistribute it.
# There is NO WARRANTY, to the extent permitted by law.

# Make data base, printed on Sat Apr 16 11:26:37 2022

# Variables

# environment
LC_ALL = C
# environment
VSCODE_CWD = /home/int
# default
MAKE_COMMAND := make
# automatic
@D = $(patsubst %/,%,$(dir $@))
# environment
VSCODE_HANDLES_UNCAUGHT_ERRORS = true
# default
.VARIABLES := 
# environment
PWD = /home/int/gobit
# automatic
%D = $(patsubst %/,%,$(dir $%))
# automatic
^D = $(patsubst %/,%,$(dir $^))
# environment
VSCODE_LOG_STACK = false
# automatic
%F = $(notdir $%)
# environment
LANG = C
# default
.LOADED := 
# default
.INCLUDE_DIRS = /usr/local/include /usr/include /usr/include
# makefile
MAKEFLAGS = pqrR
# makefile
CURDIR := /home/int/gobit
# environment
VSCODE_PIPE_LOGGING = true
# environment
APPLICATION_INSIGHTS_NO_DIAGNOSTIC_CHANNEL = true
# automatic
*D = $(patsubst %/,%,$(dir $*))
# environment
MFLAGS = -pqrR
# default
.SHELLFLAGS := -c
# automatic
+D = $(patsubst %/,%,$(dir $+))
# makefile (from 'Makefile', line 1)
MAKEFILE_LIST := Makefile
# automatic
@F = $(notdir $@)
# environment
VSCODE_VERBOSE_LOGGING = true
# environment
XDG_SESSION_TYPE = tty
# automatic
?D = $(patsubst %/,%,$(dir $?))
# automatic
*F = $(notdir $*)
# environment
DBUS_SESSION_BUS_ADDRESS = unix:path=/run/user/1000/bus
# automatic
<D = $(patsubst %/,%,$(dir $<))
# environment
VSCODE_NLS_CONFIG = {"locale":"en","availableLanguages":{}}
# default
MAKE_HOST := x86_64-pc-linux-gnu
# makefile
SHELL = /bin/sh
# default
MAKECMDGOALS := all
# environment
SHLVL = 1
# environment
MAKELEVEL := 0
# default
MAKE = $(MAKE_COMMAND)
# environment
PATH = /home/int/.vscode-server/bin/dfd34e8260c270da74b5c2d86d61aee4b6d56977/bin/remote-cli:/usr/local/bin:/usr/bin:/bin:/usr/local/games:/usr/games
# default
MAKEFILES := 
# environment
LANGUAGE = en_US:en
# environment
MOTD_SHOWN = pam
# automatic
^F = $(notdir $^)
# environment
SSH_CLIENT = 176.37.214.68 42578 22
# environment
VSCODE_LOG_NATIVE = false
# automatic
?F = $(notdir $?)
# environment
LS_COLORS = 
# automatic
+F = $(notdir $+)
# 'override' directive
GNUMAKEFLAGS := 
# environment
BROWSER = /home/int/.vscode-server/bin/dfd34e8260c270da74b5c2d86d61aee4b6d56977/bin/helpers/browser.sh
# environment
LOGNAME = int
# makefile
.DEFAULT_GOAL := clean
# environment
USER = int
# default
MAKE_VERSION := 4.3
# environment
VSCODE_EXTHOST_WILL_SEND_SOCKET = true
# environment
VSCODE_AGENT_FOLDER = /home/int/.vscode-server
# environment
_ = /home/int/.vscode-server/bin/dfd34e8260c270da74b5c2d86d61aee4b6d56977/node
# environment
XDG_RUNTIME_DIR = /run/user/1000
# environment
VSCODE_IPC_HOOK_CLI = /run/user/1000/vscode-ipc-aa9b1c1c-a555-4f38-ad0e-7ac76a3a04e6.sock
# environment
XDG_SESSION_CLASS = user
# environment
VSCODE_AMD_ENTRYPOINT = vs/workbench/api/node/extensionHostProcess
# environment
HOME = /home/int
# environment
XDG_SESSION_ID = 3
# default
.RECIPEPREFIX := 
# automatic
<F = $(notdir $<)
# default
SUFFIXES := 
# default
.FEATURES := target-specific order-only second-expansion else-if shortest-stem undefine oneshell nocomment grouped-target extra-prereqs archives jobserver output-sync check-symlink load
# environment
SSH_CONNECTION = 176.37.214.68 42578 185.151.247.201 22
# variable set hash-table stats:
# Load=67/1024=7%, Rehash=0, Collisions=2/97=2%

# Pattern-specific Variable Values

# No pattern-specific variable values.

# Directories

# . (device 65025, inode 3411764): 71 files, no impossibilities.

# 71 files, no impossibilities in 1 directories.

# Implicit Rules

# No implicit rules.

# Files

# Not a target:
Makefile:
#  Implicit rule search has been done.
#  Last modified 2022-04-16 06:10:31.749325156
#  File has been updated.
#  Successfully updated.

gobit:
#  Implicit rule search has not been done.
#  Modification time never checked.
#  File has not been updated.
#  recipe to execute (from 'Makefile', line 6):
	gcc -D_GNU_SOURCE -g gobit.c -o gobit -L /usr/lib -ltidy -lfcgi -lsodium  -ltidy -L/usr/lib/x86_64-linux-gnu -lmysqlclient -lpthread -ldl -lssl -lcrypto -lresolv -lm 
	

clean:
#  Implicit rule search has not been done.
#  Modification time never checked.
#  File has not been updated.
#  recipe to execute (from 'Makefile', line 2):
	@rm -rf *.o
	@rm -rf seti

# Not a target:
.DEFAULT:
#  Implicit rule search has not been done.
#  Modification time never checked.
#  File has not been updated.

# Not a target:
all:
#  Command line target.
#  Implicit rule search has been done.
#  File does not exist.
#  File has not been updated.

# files hash-table stats:
# Load=6/1024=1%, Rehash=0, Collisions=0/16=0%
# VPATH Search Paths

# No 'vpath' search paths.

# No general ('VPATH' variable) search path.

# strcache buffers: 1 (0) / strings = 77 / storage = 1123 B / avg = 14 B
# current buf: size = 8162 B / used = 1123 B / count = 77 / avg = 14 B

# strcache performance: lookups = 84 / hit rate = 8%
# hash-table stats:
# Load=77/8192=1%, Rehash=0, Collisions=0/84=0%
# Finished Make data base on Sat Apr 16 11:26:37 2022

 
